[    0.000000] Initializing cgroup subsys cpuset
[    0.000000] Initializing cgroup subsys cpu
[    0.000000] Initializing cgroup subsys cpuacct
[    0.000000] Linux version 4.4.0-165-generic (buildd@lgw01-amd64-027) (gcc version 5.4.0 20160609 (Ubuntu 5.4.0-6ubuntu1~16.04.10) ) #193-Ubuntu SMP Tue Sep 17 17:42:52 UTC 2019 (Ubuntu 4.4.0-165.193-generic 4.4.189)
[    0.000000] Command line: BOOT_IMAGE=/boot/vmlinuz-4.4.0-165-generic root=LABEL=cloudimg-rootfs ro console=tty1 console=ttyS0
[    0.000000] KERNEL supported cpus:
[    0.000000]   Intel GenuineIntel
[    0.000000]   AMD AuthenticAMD
[    0.000000]   Centaur CentaurHauls
[    0.000000] x86/fpu: xstate_offset[2]:  576, xstate_sizes[2]:  256
[    0.000000] x86/fpu: Supporting XSAVE feature 0x01: 'x87 floating point registers'
[    0.000000] x86/fpu: Supporting XSAVE feature 0x02: 'SSE registers'
[    0.000000] x86/fpu: Supporting XSAVE feature 0x04: 'AVX registers'
[    0.000000] x86/fpu: Enabled xstate features 0x7, context size is 832 bytes, using 'standard' format.
[    0.000000] e820: BIOS-provided physical RAM map:
[    0.000000] BIOS-e820: [mem 0x0000000000000000-0x000000000009fbff] usable
[    0.000000] BIOS-e820: [mem 0x000000000009fc00-0x000000000009ffff] reserved
[    0.000000] BIOS-e820: [mem 0x00000000000f0000-0x00000000000fffff] reserved
[    0.000000] BIOS-e820: [mem 0x0000000000100000-0x000000003ffeffff] usable
[    0.000000] BIOS-e820: [mem 0x000000003fff0000-0x000000003fffffff] ACPI data
[    0.000000] BIOS-e820: [mem 0x00000000fec00000-0x00000000fec00fff] reserved
[    0.000000] BIOS-e820: [mem 0x00000000fee00000-0x00000000fee00fff] reserved
[    0.000000] BIOS-e820: [mem 0x00000000fffc0000-0x00000000ffffffff] reserved
[    0.000000] NX (Execute Disable) protection: active
[    0.000000] SMBIOS 2.5 present.
[    0.000000] Hypervisor detected: KVM
[    0.000000] Kernel/User page tables isolation: disabled
[    0.000000] e820: last_pfn = 0x3fff0 max_arch_pfn = 0x400000000
[    0.000000] MTRR: Disabled
[    0.000000] x86/PAT: MTRRs disabled, skipping PAT initialization too.
[    0.000000] CPU MTRRs all blank - virtualized system.
[    0.000000] x86/PAT: Configuration [0-7]: WB  WT  UC- UC  WB  WT  UC- UC  
[    0.000000] found SMP MP-table at [mem 0x0009fff0-0x0009ffff] mapped at [ffff88000009fff0]
[    0.000000] Scanning 1 areas for low memory corruption
[    0.000000] RAMDISK: [mem 0x362fa000-0x37174fff]
[    0.000000] ACPI: Early table checksum verification disabled
[    0.000000] ACPI: RSDP 0x00000000000E0000 000024 (v02 VBOX  )
[    0.000000] ACPI: XSDT 0x000000003FFF0030 00003C (v01 VBOX   VBOXXSDT 00000001 ASL  00000061)
[    0.000000] ACPI: FACP 0x000000003FFF00F0 0000F4 (v04 VBOX   VBOXFACP 00000001 ASL  00000061)
[    0.000000] ACPI: DSDT 0x000000003FFF0470 0022EA (v02 VBOX   VBOXBIOS 00000002 INTL 20100528)
[    0.000000] ACPI: FACS 0x000000003FFF0200 000040
[    0.000000] ACPI: FACS 0x000000003FFF0200 000040
[    0.000000] ACPI: APIC 0x000000003FFF0240 00005C (v02 VBOX   VBOXAPIC 00000001 ASL  00000061)
[    0.000000] ACPI: SSDT 0x000000003FFF02A0 0001CC (v01 VBOX   VBOXCPUT 00000002 INTL 20100528)
[    0.000000] No NUMA configuration found
[    0.000000] Faking a node at [mem 0x0000000000000000-0x000000003ffeffff]
[    0.000000] NODE_DATA(0) allocated [mem 0x3ffeb000-0x3ffeffff]
[    0.000000] kvm-clock: Using msrs 4b564d01 and 4b564d00
[    0.000000] kvm-clock: cpu 0, msr 0:3ffe3001, primary cpu clock
[    0.000000] kvm-clock: using sched offset of 3720977264 cycles
[    0.000000] clocksource: kvm-clock: mask: 0xffffffffffffffff max_cycles: 0x1cd42e4dffb, max_idle_ns: 881590591483 ns
[    0.000000] Zone ranges:
[    0.000000]   DMA      [mem 0x0000000000001000-0x0000000000ffffff]
[    0.000000]   DMA32    [mem 0x0000000001000000-0x000000003ffeffff]
[    0.000000]   Normal   empty
[    0.000000]   Device   empty
[    0.000000] Movable zone start for each node
[    0.000000] Early memory node ranges
[    0.000000]   node   0: [mem 0x0000000000001000-0x000000000009efff]
[    0.000000]   node   0: [mem 0x0000000000100000-0x000000003ffeffff]
[    0.000000] Initmem setup node 0 [mem 0x0000000000001000-0x000000003ffeffff]
[    0.000000] ACPI: PM-Timer IO Port: 0x4008
[    0.000000] IOAPIC[0]: apic_id 2, version 32, address 0xfec00000, GSI 0-23
[    0.000000] ACPI: INT_SRC_OVR (bus 0 bus_irq 0 global_irq 2 dfl dfl)
[    0.000000] ACPI: INT_SRC_OVR (bus 0 bus_irq 9 global_irq 9 low level)
[    0.000000] Using ACPI (MADT) for SMP configuration information
[    0.000000] smpboot: Allowing 2 CPUs, 0 hotplug CPUs
[    0.000000] PM: Registered nosave memory: [mem 0x00000000-0x00000fff]
[    0.000000] PM: Registered nosave memory: [mem 0x0009f000-0x0009ffff]
[    0.000000] PM: Registered nosave memory: [mem 0x000a0000-0x000effff]
[    0.000000] PM: Registered nosave memory: [mem 0x000f0000-0x000fffff]
[    0.000000] e820: [mem 0x40000000-0xfebfffff] available for PCI devices
[    0.000000] Booting paravirtualized kernel on KVM
[    0.000000] clocksource: refined-jiffies: mask: 0xffffffff max_cycles: 0xffffffff, max_idle_ns: 7645519600211568 ns
[    0.000000] setup_percpu: NR_CPUS:512 nr_cpumask_bits:512 nr_cpu_ids:2 nr_node_ids:1
[    0.000000] PERCPU: Embedded 34 pages/cpu @ffff88003fc00000 s99544 r8192 d31528 u1048576
[    0.000000] Built 1 zonelists in Node order, mobility grouping on.  Total pages: 257912
[    0.000000] Policy zone: DMA32
[    0.000000] Kernel command line: BOOT_IMAGE=/boot/vmlinuz-4.4.0-165-generic root=LABEL=cloudimg-rootfs ro console=tty1 console=ttyS0
[    0.000000] PID hash table entries: 4096 (order: 3, 32768 bytes)
[    0.000000] Memory: 997732K/1048120K available (8621K kernel code, 1335K rwdata, 4032K rodata, 1484K init, 1284K bss, 50388K reserved, 0K cma-reserved)
[    0.000000] SLUB: HWalign=64, Order=0-3, MinObjects=0, CPUs=2, Nodes=1
[    0.000000] Hierarchical RCU implementation.
[    0.000000] 	Build-time adjustment of leaf fanout to 64.
[    0.000000] 	RCU restricting CPUs from NR_CPUS=512 to nr_cpu_ids=2.
[    0.000000] RCU: Adjusting geometry for rcu_fanout_leaf=64, nr_cpu_ids=2
[    0.000000] NR_IRQS:33024 nr_irqs:440 16
[    0.000000] Console: colour VGA+ 80x25
[    0.000000] console [tty1] enabled
[    0.000000] console [ttyS0] enabled
[    0.000000] tsc: Detected 1992.001 MHz processor
[    0.110276] Calibrating delay loop (skipped) preset value.. 3984.00 BogoMIPS (lpj=7968004)
[    0.111518] pid_max: default: 32768 minimum: 301
[    0.112199] ACPI: Core revision 20150930
[    0.113383] ACPI: 2 ACPI AML tables successfully acquired and loaded
[    0.114512] Security Framework initialized
[    0.115134] Yama: becoming mindful.
[    0.115748] AppArmor: AppArmor initialized
[    0.116450] Dentry cache hash table entries: 131072 (order: 8, 1048576 bytes)
[    0.117503] Inode-cache hash table entries: 65536 (order: 7, 524288 bytes)
[    0.120518] Mount-cache hash table entries: 2048 (order: 2, 16384 bytes)
[    0.121483] Mountpoint-cache hash table entries: 2048 (order: 2, 16384 bytes)
[    0.122581] Initializing cgroup subsys io
[    0.123268] Initializing cgroup subsys memory
[    0.123971] Initializing cgroup subsys devices
[    0.124581] Initializing cgroup subsys freezer
[    0.125278] Initializing cgroup subsys net_cls
[    0.125966] Initializing cgroup subsys perf_event
[    0.126612] Initializing cgroup subsys net_prio
[    0.127235] Initializing cgroup subsys hugetlb
[    0.127885] Initializing cgroup subsys pids
[    0.129618] mce: CPU supports 0 MCE banks
[    0.130213] Last level iTLB entries: 4KB 64, 2MB 8, 4MB 8
[    0.131091] Last level dTLB entries: 4KB 64, 2MB 0, 4MB 0, 1GB 4
[    0.131978] Spectre V1 : Mitigation: usercopy/swapgs barriers and __user pointer sanitization
[    0.133183] Spectre V2 : Mitigation: Enhanced IBRS
[    0.133990] Spectre V2 : Spectre v2 / SpectreRSB mitigation: Filling RSB on context switch
[    0.135139] Speculative Store Bypass: Vulnerable
[    0.137908] Freeing SMP alternatives memory: 36K
[    0.143216] ftrace: allocating 32318 entries in 127 pages
[    0.179042] smpboot: APIC(0) Converting physical 0 to logical package 0
[    0.180099] smpboot: Max logical packages: 1
[    0.180927] x2apic enabled
[    0.181911] Switched APIC routing to physical x2apic.
[    0.183536] ..TIMER: vector=0x30 apic1=0 pin1=2 apic2=-1 pin2=-1
[    0.289949] smpboot: CPU0: Intel(R) Core(TM) i7-8565U CPU @ 1.80GHz (family: 0x6, model: 0x8e, stepping: 0xc)
[    0.292309] Performance Events: unsupported p6 CPU model 142 no PMU driver, software events only.
[    0.303734] KVM setup paravirtual spinlock
[    0.304992] x86: Booting SMP configuration:
[    0.305661] .... node  #0, CPUs:      #1
[    0.306451] kvm-clock: cpu 1, msr 0:3ffe3041, secondary cpu clock
[    0.308303] mce: CPU supports 0 MCE banks
[    0.310892] x86: Booted up 1 node, 2 CPUs
[    0.311727] smpboot: Total of 2 processors activated (7968.00 BogoMIPS)
[    0.312993] devtmpfs: initialized
[    0.315447] evm: security.selinux
[    0.316030] evm: security.SMACK64
[    0.316651] evm: security.SMACK64EXEC
[    0.317255] evm: security.SMACK64TRANSMUTE
[    0.317951] evm: security.SMACK64MMAP
[    0.318579] evm: security.ima
[    0.319094] evm: security.capability
[    0.319866] clocksource: jiffies: mask: 0xffffffff max_cycles: 0xffffffff, max_idle_ns: 7645041785100000 ns
[    0.321295] futex hash table entries: 512 (order: 3, 32768 bytes)
[    0.322244] pinctrl core: initialized pinctrl subsystem
[    0.323139] RTC time: 10:19:00, date: 10/09/19
[    0.326383] NET: Registered protocol family 16
[    0.339103] cpuidle: using governor ladder
[    0.354365] cpuidle: using governor menu
[    0.357287] PCCT header not found.
[    0.360148] ACPI: bus type PCI registered
[    0.362917] acpiphp: ACPI Hot Plug PCI Controller Driver version: 0.5
[    0.366776] PCI: Using configuration type 1 for base access
[    0.384000] ACPI: Added _OSI(Module Device)
[    0.385281] ACPI: Added _OSI(Processor Device)
[    0.386662] ACPI: Added _OSI(3.0 _SCP Extensions)
[    0.387999] ACPI: Added _OSI(Processor Aggregator Device)
[    0.390410] ACPI: Executed 1 blocks of module-level executable AML code
[    0.394426] ACPI: Interpreter enabled
[    0.395470] ACPI: (supports S0 S5)
[    0.396290] ACPI: Using IOAPIC for interrupt routing
[    0.397434] PCI: Using host bridge windows from ACPI; if necessary, use "pci=nocrs" and report a bug
[    0.402571] ACPI: PCI Root Bridge [PCI0] (domain 0000 [bus 00-ff])
[    0.403703] acpi PNP0A03:00: _OSC: OS supports [ASPM ClockPM Segments MSI]
[    0.405091] acpi PNP0A03:00: _OSC: not requesting OS control; OS requires [ExtendedConfig ASPM ClockPM MSI]
[    0.406723] acpi PNP0A03:00: fail to add MMCONFIG information, can't access extended PCI configuration space under this bridge.
[    0.408649] PCI host bridge to bus 0000:00
[    0.409493] pci_bus 0000:00: root bus resource [io  0x0000-0x0cf7 window]
[    0.410581] pci_bus 0000:00: root bus resource [io  0x0d00-0xffff window]
[    0.411586] pci_bus 0000:00: root bus resource [mem 0x000a0000-0x000bffff window]
[    0.412804] pci_bus 0000:00: root bus resource [mem 0x40000000-0xfdffffff window]
[    0.413973] pci_bus 0000:00: root bus resource [bus 00-ff]
[    0.416167] pci 0000:00:01.1: legacy IDE quirk: reg 0x10: [io  0x01f0-0x01f7]
[    0.417085] pci 0000:00:01.1: legacy IDE quirk: reg 0x14: [io  0x03f6]
[    0.417925] pci 0000:00:01.1: legacy IDE quirk: reg 0x18: [io  0x0170-0x0177]
[    0.418882] pci 0000:00:01.1: legacy IDE quirk: reg 0x1c: [io  0x0376]
[    0.433728] pci 0000:00:07.0: quirk: [io  0x4000-0x403f] claimed by PIIX4 ACPI
[    0.441841] pci 0000:00:07.0: quirk: [io  0x4100-0x410f] claimed by PIIX4 SMB
[    0.445963] ACPI: PCI Interrupt Link [LNKA] (IRQs 5 9 10 *11)
[    0.447475] ACPI: PCI Interrupt Link [LNKB] (IRQs 5 9 *10 11)
[    0.448771] ACPI: PCI Interrupt Link [LNKC] (IRQs 5 *9 10 11)
[    0.450293] ACPI: PCI Interrupt Link [LNKD] (IRQs 5 9 10 *11)
[    0.451362] ACPI: Enabled 2 GPEs in block 00 to 07
[    0.452343] vgaarb: setting as boot device: PCI:0000:00:02.0
[    0.453060] vgaarb: device added: PCI:0000:00:02.0,decodes=io+mem,owns=io+mem,locks=none
[    0.454149] vgaarb: loaded
[    0.454650] vgaarb: bridge control possible 0000:00:02.0
[    0.455513] SCSI subsystem initialized
[    0.456164] ACPI: bus type USB registered
[    0.456768] usbcore: registered new interface driver usbfs
[    0.457442] usbcore: registered new interface driver hub
[    0.458195] usbcore: registered new device driver usb
[    0.459175] PCI: Using ACPI for IRQ routing
[    0.459962] NetLabel: Initializing
[    0.460433] NetLabel:  domain hash size = 128
[    0.461054] NetLabel:  protocols = UNLABELED CIPSOv4
[    0.461710] NetLabel:  unlabeled traffic allowed by default
[    0.462478] amd_nb: Cannot enumerate AMD northbridges
[    0.463249] clocksource: Switched to clocksource kvm-clock
[    0.472237] AppArmor: AppArmor Filesystem Enabled
[    0.473032] pnp: PnP ACPI init
[    0.474334] pnp: PnP ACPI: found 3 devices
[    0.482998] clocksource: acpi_pm: mask: 0xffffff max_cycles: 0xffffff, max_idle_ns: 2085701024 ns
[    0.484419] NET: Registered protocol family 2
[    0.485133] TCP established hash table entries: 8192 (order: 4, 65536 bytes)
[    0.486081] TCP bind hash table entries: 8192 (order: 5, 131072 bytes)
[    0.486955] TCP: Hash tables configured (established 8192 bind 8192)
[    0.487867] UDP hash table entries: 512 (order: 2, 16384 bytes)
[    0.488704] UDP-Lite hash table entries: 512 (order: 2, 16384 bytes)
[    0.489787] NET: Registered protocol family 1
[    0.490485] pci 0000:00:00.0: Limiting direct PCI/PCI transfers
[    0.491299] pci 0000:00:01.0: Activating ISA DMA hang workarounds
[    0.494308] Unpacking initramfs...
[    0.706218] Freeing initrd memory: 14828K
[    0.707093] clocksource: tsc: mask: 0xffffffffffffffff max_cycles: 0x396d54029a7, max_idle_ns: 881590429682 ns
[    0.708671] platform rtc_cmos: registered platform RTC device (no PNP device found)
[    0.709779] Scanning for low memory corruption every 60 seconds
[    0.711009] audit: initializing netlink subsys (disabled)
[    0.712111] audit: type=2000 audit(1570616344.999:1): initialized
[    0.713240] Initialise system trusted keyring
[    0.714138] HugeTLB registered 2 MB page size, pre-allocated 0 pages
[    0.715891] zbud: loaded
[    0.716606] VFS: Disk quotas dquot_6.6.0
[    0.717196] VFS: Dquot-cache hash table entries: 512 (order 0, 4096 bytes)
[    0.718236] squashfs: version 4.0 (2009/01/31) Phillip Lougher
[    0.719284] fuse init (API version 7.23)
[    0.720069] Key type big_key registered
[    0.720697] Allocating IMA MOK and blacklist keyrings.
[    0.725538] Key type asymmetric registered
[    0.726226] Asymmetric key parser 'x509' registered
[    0.726974] Block layer SCSI generic (bsg) driver version 0.4 loaded (major 249)
[    0.728275] io scheduler noop registered
[    0.728921] io scheduler deadline registered (default)
[    0.729757] io scheduler cfq registered
[    0.730429] pci_hotplug: PCI Hot Plug PCI Core version: 0.5
[    0.731241] pciehp: PCI Express Hot Plug Controller Driver version: 0.4
[    0.732384] ACPI: AC Adapter [AC] (on-line)
[    0.733090] input: Power Button as /devices/LNXSYSTM:00/LNXPWRBN:00/input/input0
[    0.734256] ACPI: Power Button [PWRF]
[    0.734906] input: Sleep Button as /devices/LNXSYSTM:00/LNXSLPBN:00/input/input1
[    0.736124] ACPI: Sleep Button [SLPF]
[    0.736887] GHES: HEST is not enabled!
[    0.737384] ACPI: Battery Slot [BAT0] (battery present)
[    0.738449] Serial: 8250/16550 driver, 32 ports, IRQ sharing enabled
[    0.759724] 00:02: ttyS0 at I/O 0x3f8 (irq = 4, base_baud = 115200) is a 16550A
[    0.763534] Linux agpgart interface v0.103
[    0.765316] loop: module loaded
[    0.766214] scsi host0: ata_piix
[    0.766835] scsi host1: ata_piix
[    0.767395] ata1: PATA max UDMA/33 cmd 0x1f0 ctl 0x3f6 bmdma 0xd000 irq 14
[    0.768392] ata2: PATA max UDMA/33 cmd 0x170 ctl 0x376 bmdma 0xd008 irq 15
[    0.769440] libphy: Fixed MDIO Bus: probed
[    0.770155] tun: Universal TUN/TAP device driver, 1.6
[    0.770897] tun: (C) 1999-2004 Max Krasnyansky <maxk@qualcomm.com>
[    0.771964] PPP generic driver version 2.4.2
[    0.772719] ehci_hcd: USB 2.0 'Enhanced' Host Controller (EHCI) Driver
[    0.773573] ehci-pci: EHCI PCI platform driver
[    0.774195] ehci-platform: EHCI generic platform driver
[    0.774892] ohci_hcd: USB 1.1 'Open' Host Controller (OHCI) Driver
[    0.775897] ohci-pci: OHCI PCI platform driver
[    0.776557] ohci-platform: OHCI generic platform driver
[    0.777295] uhci_hcd: USB Universal Host Controller Interface driver
[    0.778159] i8042: PNP: PS/2 Controller [PNP0303:PS2K,PNP0f03:PS2M] at 0x60,0x64 irq 1,12
[    0.779618] serio: i8042 KBD port at 0x60,0x64 irq 1
[    0.780398] serio: i8042 AUX port at 0x60,0x64 irq 12
[    0.781355] mousedev: PS/2 mouse device common for all mice
[    0.782551] input: AT Translated Set 2 keyboard as /devices/platform/i8042/serio0/input/input2
[    0.784283] rtc_cmos rtc_cmos: rtc core: registered rtc_cmos as rtc0
[    0.785199] rtc_cmos rtc_cmos: alarms up to one day, 114 bytes nvram
[    0.786176] i2c /dev entries driver
[    0.786777] device-mapper: uevent: version 1.0.3
[    0.787498] device-mapper: ioctl: 4.34.0-ioctl (2015-10-28) initialised: dm-devel@redhat.com
[    0.788745] ledtrig-cpu: registered to indicate activity on CPUs
[    0.789956] NET: Registered protocol family 10
[    0.791054] NET: Registered protocol family 17
[    0.791896] Key type dns_resolver registered
[    0.793231] registered taskstats version 1
[    0.793902] Loading compiled-in X.509 certificates
[    0.795100] Loaded X.509 cert 'Build time autogenerated kernel key: 0ed82eac04367aa6426493b1389455ebf6830eaa'
[    0.796830] zswap: loaded using pool lzo/zbud
[    0.798702] Key type trusted registered
[    0.810527] Key type encrypted registered
[    0.812157] AppArmor: AppArmor sha1 policy hashing enabled
[    0.814120] ima: No TPM chip found, activating TPM-bypass!
[    0.815902] ima: Allocated hash algorithm: sha1
[    0.817221] evm: HMAC attrs: 0x1
[    0.818722]   Magic number: 7:32:325
[    0.820075] rtc_cmos rtc_cmos: setting system clock to 2019-10-09 10:19:00 UTC (1570616340)
[    0.822307] BIOS EDD facility v0.16 2004-Jun-25, 0 devices found
[    0.823669] EDD information not available.
[    0.928314] Freeing unused kernel memory: 1484K
[    0.931692] Write protecting the kernel read-only data: 14336k
[    0.937713] Freeing unused kernel memory: 1608K
[    0.942003] Freeing unused kernel memory: 64K
Loading, please wait...
starting version 229
[    0.963260] random: systemd-udevd: uninitialized urandom read (16 bytes read, 1 bits of entropy available)
[    0.963940] random: udevadm: uninitialized urandom read (16 bytes read, 1 bits of entropy available)
[    0.963959] random: udevadm: uninitialized urandom read (16 bytes read, 1 bits of entropy available)
[    0.969807] random: systemd-udevd: uninitialized urandom read (16 bytes read, 1 bits of entropy available)
[    0.970484] random: udevadm: uninitialized urandom read (16 bytes read, 1 bits of entropy available)
[    0.970518] random: udevadm: uninitialized urandom read (16 bytes read, 1 bits of entropy available)
[    0.970624] random: udevadm: uninitialized urandom read (16 bytes read, 1 bits of entropy available)
[    0.970662] random: udevadm: uninitialized urandom read (16 bytes read, 1 bits of entropy available)
[    0.970700] random: udevadm: uninitialized urandom read (16 bytes read, 1 bits of entropy available)
[    0.970737] random: udevadm: uninitialized urandom read (16 bytes read, 1 bits of entropy available)
[    0.998416] e1000: Intel(R) PRO/1000 Network Driver - version 7.3.21-k8-NAPI
[    0.999432] e1000: Copyright (c) 1999-2006 Intel Corporation.
[    1.002857] Fusion MPT base driver 3.04.20
[    1.003695] Copyright (c) 1999-2008 LSI Corporation
[    1.010293] Fusion MPT SPI Host driver 3.04.20
[    1.024926] AVX2 version of gcm_enc/dec engaged.
[    1.025980] AES CTR mode by8 optimization enabled
[    1.232756] input: ImExPS/2 Generic Explorer Mouse as /devices/platform/i8042/serio1/input/input4
[    1.736521] e1000 0000:00:03.0 eth0: (PCI:33MHz:32-bit) 02:0e:9b:2d:5b:92
[    1.738090] e1000 0000:00:03.0 eth0: Intel(R) PRO/1000 Network Connection
[    1.740411] mptbase: ioc0: Initiating bringup
[    1.740513] e1000 0000:00:03.0 enp0s3: renamed from eth0
[    1.808051] ioc0: LSI53C1030 A0: Capabilities={Initiator}
[    1.970484] scsi host2: ioc0: LSI53C1030 A0, FwRev=00000000h, Ports=1, MaxQ=256, IRQ=20
[    2.088761] scsi 2:0:0:0: Direct-Access     VBOX     HARDDISK         1.0  PQ: 0 ANSI: 5
[    2.093489] scsi target2:0:0: Beginning Domain Validation
[    2.096356] scsi target2:0:0: Domain Validation skipping write tests
[    2.097333] scsi target2:0:0: Ending Domain Validation
[    2.098203] scsi target2:0:0: asynchronous
[    2.099342] scsi 2:0:1:0: Direct-Access     VBOX     HARDDISK         1.0  PQ: 0 ANSI: 5
[    2.100692] scsi target2:0:1: Beginning Domain Validation
[    2.103191] scsi target2:0:1: Domain Validation skipping write tests
[    2.104195] scsi target2:0:1: Ending Domain Validation
[    2.104978] scsi target2:0:1: asynchronous
[    2.110789] sd 2:0:0:0: [sda] 20971520 512-byte logical blocks: (10.7 GB/10.0 GiB)
[    2.110953] sd 2:0:0:0: Attached scsi generic sg0 type 0
[    2.119874] sd 2:0:1:0: Attached scsi generic sg1 type 0
[    2.120301] sd 2:0:1:0: [sdb] 20480 512-byte logical blocks: (10.5 MB/10.0 MiB)
[    2.120570] sd 2:0:1:0: [sdb] Write Protect is off
[    2.120758] sd 2:0:1:0: [sdb] Incomplete mode parameter data
[    2.120759] sd 2:0:1:0: [sdb] Assuming drive cache: write through
[    2.126614] sd 2:0:0:0: [sda] Write Protect is off
[    2.127623] sd 2:0:0:0: [sda] Incomplete mode parameter data
[    2.128436] sd 2:0:0:0: [sda] Assuming drive cache: write through
[    2.132025]  sda: sda1
[    2.133536] sd 2:0:0:0: [sda] Attached SCSI disk
[    2.134441] sd 2:0:1:0: [sdb] Attached SCSI disk
Begin: Loading essential drivers ... [    3.377248] md: linear personality registered for level -1
[    3.379733] md: multipath personality registered for level -4
[    3.382080] md: raid0 personality registered for level 0
[    3.385118] md: raid1 personality registered for level 1
[    3.455335] raid6: sse2x1   gen() 12449 MB/s
[    3.523652] raid6: sse2x1   xor()  9032 MB/s
[    3.591484] raid6: sse2x2   gen() 18134 MB/s
[    3.659331] raid6: sse2x2   xor() 12330 MB/s
[    3.727642] raid6: sse2x4   gen() 19822 MB/s
[    3.795490] raid6: sse2x4   xor() 12140 MB/s
[    3.863326] raid6: avx2x1   gen() 21595 MB/s
[    3.931623] raid6: avx2x2   gen() 32021 MB/s
[    3.999515] raid6: avx2x4   gen() 34934 MB/s
[    4.000174] raid6: using algorithm avx2x4 gen() 34934 MB/s
[    4.000940] raid6: using avx2x2 recovery algorithm
[    4.002707] xor: automatically using best checksumming function:
[    4.043980]    avx       : 36718.000 MB/sec
[    4.045932] async_tx: api initialized (async)
[    4.055064] md: raid6 personality registered for level 6
[    4.056077] md: raid5 personality registered for level 5
[    4.057000] md: raid4 personality registered for level 4
[    4.062902] md: raid10 personality registered for level 10
done.
Begin: Running /scripts/init-premount ... done.
Begin: Mounting root file system ... Begin: Running /scripts/local-top ... done.
Begin: Running /scripts/local-premount ... [    4.085024] Btrfs loaded
Scanning for Btrfs filesystems
done.
Warning: fsck not present, so skipping root file system
[    4.106462] EXT4-fs (sda1): mounted filesystem with ordered data mode. Opts: (null)
done.
Begin: Running /scripts/local-bottom ... done.
Begin: Running /scripts/init-bottom ... done.
[    4.169321] systemd[1]: systemd 229 running in system mode. (+PAM +AUDIT +SELINUX +IMA +APPARMOR +SMACK +SYSVINIT +UTMP +LIBCRYPTSETUP +GCRYPT +GNUTLS +ACL +XZ -LZ4 +SECCOMP +BLKID +ELFUTILS +KMOD -IDN)
[    4.172088] systemd[1]: Detected virtualization oracle.
[    4.173762] systemd[1]: Detected architecture x86-64.

Welcome to [1mUbuntu 16.04.6 LTS[0m!

[    4.176337] systemd[1]: Set hostname to <ubuntu>.
[    4.178451] systemd[1]: Initializing machine ID from random generator.
[    4.179328] systemd[1]: Installed transient /etc/machine-id file.
[    4.277831] systemd[1]: Listening on LVM2 metadata daemon socket.
[[0;32m  OK  [0m] Listening on LVM2 metadata daemon socket.
[    4.279467] systemd[1]: Listening on /dev/initctl Compatibility Named Pipe.
[[0;32m  OK  [0m] Listening on /dev/initctl Compatibility Named Pipe.
[    4.288917] systemd[1]: Listening on udev Control Socket.
[[0;32m  OK  [0m] Listening on udev Control Socket.
[    4.290652] systemd[1]: Listening on Device-mapper event daemon FIFOs.
[[0;32m  OK  [0m] Listening on Device-mapper event daemon FIFOs.
[    4.292589] systemd[1]: Listening on Journal Socket.
[[0;32m  OK  [0m] Listening on Journal Socket.
[    4.310488] systemd[1]: Listening on LVM2 poll daemon socket.
[[0;32m  OK  [0m] Listening on LVM2 poll daemon socket.
[    4.321059] systemd[1]: Reached target System Time Synchronized.
[[0;32m  OK  [0m] Reached target System Time Synchronized.
[    4.677680] systemd[1]: Listening on Syslog Socket.
[[0;32m  OK  [0m] Listening on Syslog Socket.
[    4.707212] systemd[1]: Started Forward Password Requests to Wall Directory Watch.
[[0;32m  OK  [0m] Started Forward Password Requests to Wall Directory Watch.
[    4.718149] systemd[1]: Listening on udev Kernel Socket.
[[0;32m  OK  [0m] Listening on udev Kernel Socket.
[    5.023006] systemd[1]: Reached target User and Group Name Lookups.
[[0;32m  OK  [0m] Reached target User and Group Name Lookups.
[    5.047356] systemd[1]: Created slice User and Session Slice.
[[0;32m  OK  [0m] Created slice User and Session Slice.
[    5.063345] systemd[1]: Created slice System Slice.
[[0;32m  OK  [0m] Created slice System Slice.
[    5.075793] systemd[1]: Starting Create list of required static device nodes for the current kernel...
         Starting Create list of required st... nodes for the current kernel...
[    5.086681] systemd[1]: Starting Load Kernel Modules...
         Starting Load Kernel Modules...
[    5.095576] systemd[1]: Reached target Slices.
[    5.097206] Loading iSCSI transport class v2.0-870.
[[0;32m  OK  [0m] Reached target Slices.
[    5.105172] iscsi: registered transport (tcp)
[    5.115638] systemd[1]: Starting Monitoring of LVM2 mirrors, snapshots etc. using dmeventd or progress polling...
         Starting Monitoring of LVM2 mirrors... dmeventd or progress polling...
[    5.120300] systemd[1]: Mounting POSIX Message Queue File System...
         Mounting POSIX Message Queue File System...
[    5.130548] systemd[1]: Starting Set console keymap...
         Starting Set console keymap...
[    5.133142] systemd[1]: Starting Remount Root and Kernel File Systems...
         Starting Remount Root and Kernel File Systems...
[    5.135681] systemd[1]: Mounting Huge Pages File System...
         Mounting Huge Pages File System...
[    5.139682] systemd[1]: Starting Nameserver information manager...
[    5.141266] EXT4-fs (sda1): re-mounted. Opts: (null)
         Starting Nameserver information manager...
[    5.147812] systemd[1]: Mounting Debug File System...
         Mounting Debug File System...
[    5.149500] systemd[1]: Reached target Encrypted Volumes.
[[0;32m  OK  [0m] Reached target Encrypted Volumes.
[    5.152688] iscsi: registered transport (iser)
[    5.155922] systemd[1]: Starting Uncomplicated firewall...
         Starting Uncomplicated firewall...
[    5.163497] systemd[1]: Created slice system-serial\x2dgetty.slice.
[[0;32m  OK  [0m] Created slice system-serial\x2dgetty.slice.
[    5.172134] systemd[1]: Listening on Journal Audit Socket.
[[0;32m  OK  [0m] Listening on Journal Audit Socket.
[    5.179383] systemd[1]: Reached target Swap.
[[0;32m  OK  [0m] Reached target Swap.
[    5.180636] systemd[1]: Started Trigger resolvconf update for networkd DNS.
[[0;32m  OK  [0m] Started Trigger resolvconf update for networkd DNS.
[    5.192167] systemd[1]: Set up automount Arbitrary Executable File Formats File System Automount Point.
[[0;32m  OK  [0m] Set up automount Arbitrary Executab...ats File System Automount Point.
[    5.195332] systemd[1]: Listening on Journal Socket (/dev/log).
[[0;32m  OK  [0m] Listening on Journal Socket (/dev/log).
[    5.215460] systemd[1]: Starting Journal Service...
         Starting Journal Service...
[    5.224596] systemd[1]: Mounted POSIX Message Queue File System.
[[0;32m  OK  [0m] Mounted POSIX Message Queue File System.
[    5.235940] systemd[1]: Mounted Debug File System.
[[0;32m  OK  [0m] Mounted Debug File System.
[    5.237108] systemd[1]: Mounted Huge Pages File System.
[[0;32m  OK  [0m] Mounted Huge Pages File System.
[    5.245378] systemd[1]: Started Journal Service.
[[0;32m  OK  [0m] Started Journal Service.
[[0;32m  OK  [0m] Started Create list of required sta...ce nodes for the current kernel.
[[0;32m  OK  [0m] Started Load Kernel Modules.
[[0;32m  OK  [0m] Started Set console keymap.
[[0;32m  OK  [0m] Started Remount Root and Kernel File Systems.
[[0;32m  OK  [0m] Started Uncomplicated firewall.
[[0;32m  OK  [0m] Started Nameserver information manager.
[[0;32m  OK  [0m] Started LVM2 metadata daemon.
         Starting udev Coldplug all Devices...
         Starting Load/Save Random Seed...
         Starting Apply Kernel Variables...
         Mounting FUSE Control File System...
         Starting Create Static Device Nodes in /dev...
         Starting Flush Journal to Persistent Storage...
[[0;32m  OK  [0m] Mounted FUSE Control File System.
[[0;32m  OK  [0m] Started Load/Save Random Seed.
[[0;32m  OK  [0m] Started Apply Kernel Variables.
[[0;32m  OK  [0m] Started udev Coldplug all Devices.
[[0;32m  OK  [0m] Started Create Static Device Nodes in /dev.
[[0;32m  OK  [0m] Started Flush Journal to Persistent Storage.
         Starting udev Kernel Device Manager...
[[0;32m  OK  [0m] Started udev Kernel Device Manager.
[[0;32m  OK  [0m] Started Dispatch Password Requests to Console Directory Watch.
[[0;32m  OK  [0m] Started Monitoring of LVM2 mirrors,...ng dmeventd or progress polling.
[[0;32m  OK  [0m] Reached target Local File Systems (Pre).
[[0;32m  OK  [0m] Reached target Local File Systems.
         Starting Set console font and keymap...
         Starting Commit a transient machine-id on disk...
         Starting Initial cloud-init job (pre-networking)...
         Starting Tell Plymouth To Write Out Runtime Data...
         Starting LSB: AppArmor initialization...
         Starting Create Volatile Files and Directories...
[[0;32m  OK  [0m] Started Create Volatile Files and Directories.
[[0;32m  OK  [0m] Started Tell Plymouth To Write Out Runtime Data.
[[0;32m  OK  [0m] Started Commit a transient machine-id on disk.
[[0;32m  OK  [0m] Found device /dev/ttyS0.
         Starting Update UTMP about System Boot/Shutdown...
[[0;32m  OK  [0m] Started Update UTMP about System Boot/Shutdown.
[[0;32m  OK  [0m] Listening on Load/Save RF Kill Switch Status /dev/rfkill Watch.
[    6.239590] cloud-init[485]: Cloud-init v. 19.2-36-g059d049c-0ubuntu1~16.04.1 running 'init-local' at Wed, 09 Oct 2019 10:19:05 +0000. Up 5.94 seconds.
[[0;32m  OK  [0m] Started LSB: AppArmor initialization.
[[0;32m  OK  [0m] Started Initial cloud-init job (pre-networking).
[[0;32m  OK  [0m] Reached target Network (Pre).
         Starting Raise network interfaces...
[[0;32m  OK  [0m] Started Set console font and keymap.
[[0;32m  OK  [0m] Created slice system-getty.slice.
[[0;32m  OK  [0m] Started Raise network interfaces.
[[0;32m  OK  [0m] Reached target Network.
         Starting Initial cloud-init job (metadata service crawler)...
[    7.191482] cloud-init[948]: Cloud-init v. 19.2-36-g059d049c-0ubuntu1~16.04.1 running 'init' at Wed, 09 Oct 2019 10:19:06 +0000. Up 6.80 seconds.
[    7.200826] cloud-init[948]: ci-info: +++++++++++++++++++++++++++++++++++++Net device info++++++++++++++++++++++++++++++++++++++
[    7.208586] cloud-init[948]: ci-info: +--------+------+---------------------------+---------------+--------+-------------------+
[    7.209664] cloud-init[948]: ci-info: | Device |  Up  |          Address          |      Mask     | Scope  |     Hw-Address    |
[    7.210648] cloud-init[948]: ci-info: +--------+------+---------------------------+---------------+--------+-------------------+
[    7.217361] cloud-init[948]: ci-info: | enp0s3 | True |         10.0.2.15         | 255.255.255.0 | global | 02:0e:9b:2d:5b:92 |
[    7.218478] cloud-init[948]: ci-info: | enp0s3 | True | fe80::e:9bff:fe2d:5b92/64 |       .       |  link  | 02:0e:9b:2d:5b:92 |
[    7.224388] cloud-init[948]: ci-info: |   lo   | True |         127.0.0.1         |   255.0.0.0   |  host  |         .         |
[[0;32m  OK  [0m] Started Initial cloud-init job (metadata service crawler).
[    7.224552] cloud-init[948]: ci-info: |   lo   | True |          ::1/128          |       .       |  host  |         .         |
[    7.240351] cloud-init[948]: ci-info: +--------+------+---------------------------+---------------+--------+-------------------+
[    7.240500] cloud-init[948]: ci-info: +++++++++++++++++++++++++++Route IPv4 info++++++++++++++++++++++++++++
[[0;32m  OK  [0m] Reached target Cloud-config availability.
[    7.240541] cloud-init[948]: ci-info: +-------+-------------+----------+---------------+-----------+-------+
[    7.243453] cloud-init[948]: ci-info: | Route | Destination | Gateway  |    Genmask    | Interface | Flags |
[    7.243585] cloud-init[948]: ci-info: +-------+-------------+----------+---------------+-----------+-------+
[    7.243776] cloud-init[948]: ci-info: |   0   |   0.0.0.0   | 10.0.2.2 |    0.0.0.0    |   enp0s3  |   UG  |
[    7.243965] cloud-init[948]: ci-info: |   1   |   10.0.2.0  | 0.0.0.0  | 255.255.255.0 |   enp0s3  |   U   |
[[0;32m  OK  [0m] Reached target System Initialization.
[    7.244115] cloud-init[948]: ci-info: +-------+-------------+----------+---------------+-----------+-------+
[    7.244341] cloud-init[948]: ci-info: +++++++++++++++++++Route IPv6 info+++++++++++++++++++
[    7.244532] cloud-init[948]: ci-info: +-------+-------------+---------+-----------+-------+
[    7.244721] cloud-init[948]: ci-info: | Route | Destination | Gateway | Interface | Flags |
[    7.244913] cloud-init[948]: ci-info: +-------+-------------+---------+-----------+-------+
[    7.245244] cloud-init[948]: ci-info: |   0   |  fe80::/64  |    ::   |   enp0s3  |   U   |
[    7.245439] cloud-init[948]: ci-info: |   3   |   ff00::/8  |    ::   |   enp0s3  |   U   |
[    7.245624] cloud-init[948]: ci-info: +-------+-------------+---------+-----------+-------+
[    7.245823] cloud-init[948]: Generating public/private rsa key pair.
[    7.246148] cloud-init[948]: Your identification has been saved in /etc/ssh/ssh_host_rsa_key.
[    7.246337] cloud-init[948]: Your public key has been saved in /etc/ssh/ssh_host_rsa_key.pub.
[    7.246529] cloud-init[948]: The key fingerprint is:
[    7.246722] cloud-init[948]: SHA256:VjB6wBcfVqovSbvP6/tXB5Wshk/mEf8ge3RSCiaNf1U root@ubuntu-xenial
[    7.247059] cloud-init[948]: The key's randomart image is:
[    7.247248] cloud-init[948]: +---[RSA 2048]----+
[    7.247439] cloud-init[948]: |     .. +.o+. . E|
[    7.247631] cloud-init[948]: |      .o.=oo+. o+|
[    7.247824] cloud-init[948]: |      ... ++..+= |
[    7.248245] cloud-init[948]: |       . o .o*B..|
[    7.248432] cloud-init[948]: |        S   *=.=.|
[    7.248650] cloud-init[948]: |       o +  .o. +|
[    7.249035] cloud-init[948]: |        + .  . ..|
[    7.249228] cloud-init[948]: |         +    .  |
[    7.249420] cloud-init[948]: |        .o*+..   |
[    7.249612] cloud-init[948]: +----[SHA256]-----+
[    7.249804] cloud-init[948]: Generating public/private dsa key pair.
[    7.250138] cloud-init[948]: Your identification has been saved in /etc/ssh/ssh_host_dsa_key.
[    7.250325] cloud-init[948]: Your public key has been saved in /etc/ssh/ssh_host_dsa_key.pub.
[    7.250516] cloud-init[948]: The key fingerprint is:
[    7.250707] cloud-init[948]: SHA256:E+/nnEGy1wgZpBiGVl1obrlxQe6k1vAB8K8yRjHAq48 root@ubuntu-xenial
[    7.251042] cloud-init[948]: The key's randomart image is:
[    7.251229] cloud-init[948]: +---[DSA 1024]----+
[    7.251419] cloud-init[948]: |   ..o=o.++      |
[    7.251612] cloud-init[948]: |    +o ++=.      |
[    7.251945] cloud-init[948]: |   . .+o=.=.     |
[    7.252235] cloud-init[948]: |    .  o=@.+     |
[    7.252424] cloud-init[948]: |   .  ..S+X .    |
[    7.252615] cloud-init[948]: |  .  . ..+ = o   |
[    7.252952] cloud-init[948]: |   o  + . o = .  |
[    7.253178] cloud-init[948]: |  E .. o   = o   |
[    7.253368] cloud-init[948]: |            +    |
[    7.253560] cloud-init[948]: +----[SHA256]-----+
[    7.253891] cloud-init[948]: Generating public/private ecdsa key pair.
[    7.254082] cloud-init[948]: Your identification has been saved in /etc/ssh/ssh_host_ecdsa_key.
[    7.254273] cloud-init[948]: Your public key has been saved in /etc/ssh/ssh_host_ecdsa_key.pub.
[    7.254464] cloud-init[948]: The key fingerprint is:
[    7.254658] cloud-init[948]: SHA256:4fbb4xALEFK9e1pCNKf5RbcnMqbtroAHwDDjSEUYQsw root@ubuntu-xenial
[    7.255017] cloud-init[948]: The key's randomart image is:
[    7.255222] cloud-init[948]: +---[ECDSA 256]---+
[    7.255412] cloud-init[948]: |=+Oo..o.         |
[    7.255624] cloud-init[948]: |oE = . .+ . . .  |
[    7.255945] cloud-init[948]: |. . o ...* . . . |
[    7.256238] cloud-init[948]: |     . o=.  = o .|
[    7.256424] cloud-init[948]: |      ..So.= o o |
[    7.256616] cloud-init[948]: |       +oo=o.    |
[    7.256961] cloud-init[948]: |      . o=+.     |
[    7.257150] cloud-init[948]: |       ... +o    |
[    7.257343] cloud-init[948]: |          o++.   |
[    7.257533] cloud-init[948]: +----[SHA256]-----+
[    7.257864] cloud-init[948]: Generating public/private ed25519 key pair.
[    7.258054] cloud-init[948]: Your identification has been saved in /etc/ssh/ssh_host_ed25519_key.
[    7.258245] cloud-init[948]: Your public key has been saved in /etc/ssh/ssh_host_ed25519_key.pub.
[    7.258437] cloud-init[948]: The key fingerprint is:
[    7.258771] cloud-init[948]: SHA256:oS3bXg2cQiLtlPka5Tw+kBj/ZV4sOp3+yJX4ER3vPW4 root@ubuntu-xenial
[    7.258958] cloud-init[948]: The key's randomart image is:
[    7.259150] cloud-init[948]: +--[ED25519 256]--+
[    7.259340] cloud-init[948]: |                 |
[    7.259533] cloud-init[948]: |     . o         |
[    7.259867] cloud-init[948]: |    o * +     .  |
[    7.260161] cloud-init[948]: |     B @ o o . o |
[    7.260350] cloud-init[948]: |    . O S B + . .|
[    7.260542] cloud-init[948]: |       X O B o ..|
[    7.260871] cloud-init[948]: |      o B * =  .o|
[    7.261060] cloud-init[948]: |       . * + ..E.|
[    7.261355] cloud-init[948]: |        . +.o .. |
[    7.261580] cloud-init[948]: +----[SHA256]-----+
[[0;32m  OK  [0m] Listening on D-Bus System Message Bus Socket.
[[0;32m  OK  [0m] Started ACPI Events Check.
[[0;32m  OK  [0m] Reached target Paths.
         Starting Socket activation for snappy daemon.
         Starting LXD - unix socket.
[[0;32m  OK  [0m] Started Daily Cleanup of Temporary Directories.
[[0;32m  OK  [0m] Listening on UUID daemon activation socket.
[[0;32m  OK  [0m] Started Daily apt download activities.
[[0;32m  OK  [0m] Started Daily apt upgrade and clean activities.
[[0;32m  OK  [0m] Listening on ACPID Listen Socket.
[[0;32m  OK  [0m] Reached target Timers.
[[0;32m  OK  [0m] Reached target Network is Online.
         Starting iSCSI initiator daemon (iscsid)...
[[0;32m  OK  [0m] Listening on Socket activation for snappy daemon.
[[0;32m  OK  [0m] Listening on LXD - unix socket.
[[0;32m  OK  [0m] Reached target Sockets.
[[0;32m  OK  [0m] Reached target Basic System.
[[0;32m  OK  [0m] Started ACPI event daemon.
         Starting LSB: MD monitoring daemon...
[[0;32m  OK  [0m] Started Deferred execution scheduler.
         Starting /etc/rc.local Compatibility...
         Starting Login Service...
[[0;32m  OK  [0m] Started D-Bus System Message Bus.
         Starting Virtualbox guest utils...
         Starting LXD - container startup/shutdown...
         Starting Pollinate to seed the pseudo random number generator...
         Starting Accounts Service...
[[0;32m  OK  [0m] Started FUSE filesystem for LXC.
         Starting System Logging Service...
[[0;32m  OK  [0m] Started Regular background program processing daemon.
         Starting Snappy daemon...
         Starting LSB: Record successful boot for GRUB...
[[0;32m  OK  [0m] Started iSCSI initiator daemon (iscsid).
[[0;32m  OK  [0m] Started /etc/rc.local Compatibility.
[[0;32m  OK  [0m] Started System Logging Service.
[[0;32m  OK  [0m] Started LSB: MD monitoring daemon.
[[0;32m  OK  [0m] Started Login Service.
[[0;32m  OK  [0m] Started Unattended Upgrades Shutdown.
         Starting Login to default iSCSI targets...
[[0;32m  OK  [0m] Started LSB: Record successful boot for GRUB.
[[0;32m  OK  [0m] Started Login to default iSCSI targets.
[[0;32m  OK  [0m] Reached target Remote File Systems (Pre).
[[0;32m  OK  [0m] Reached target Remote File Systems.
         Starting Permit User Sessions...
         Starting LSB: daemon to balance interrupts for SMP systems...
         Starting LSB: automatic crash report generation...
         Starting LSB: Set the CPU Frequency Scaling governor to "ondemand"...
[[0;32m  OK  [0m] Started Permit User Sessions.
[[0;32m  OK  [0m] Started LSB: Set the CPU Frequency Scaling governor to "ondemand".
         Starting Hold until boot process finishes up...
         Starting Terminate Plymouth Boot Screen...
         Starting Authenticate and Authorize Users to Run Privileged Tasks...
[[0;32m  OK  [0m] Started Hold until boot process finishes up.
[[0;32m  OK  [0m] Started Virtualbox guest utils.
[[0;32m  OK  [0m] Started Terminate Plymouth Boot Screen.
[[0;32m  OK  [0m] Started LSB: automatic crash report generation.
         Starting Set console scheme...
[[0;32m  OK  [0m] Started Serial Getty on ttyS0.
[[0;32m  OK  [0m] Started Getty on tty1.
[[0;32m  OK  [0m] Reached target Login Prompts.
[[0;32m  OK  [0m] Started Set console scheme.
[[0;32m  OK  [0m] Started Authenticate and Authorize Users to Run Privileged Tasks.
[[0;32m  OK  [0m] Started Accounts Service.
[[0;32m  OK  [0m] Started LSB: daemon to balance interrupts for SMP systems.
[[0;32m  OK  [0m] Started LXD - container startup/shutdown.
[[0;32m  OK  [0m] Started Pollinate to seed the pseudo random number generator.
         Starting OpenBSD Secure Shell server...
[[0;32m  OK  [0m] Started Snappy daemon.
         Starting Wait until snapd is fully seeded...
[[0;32m  OK  [0m] Started OpenBSD Secure Shell server.
[[0;32m  OK  [0m] Started Wait until snapd is fully seeded.
[[0;32m  OK  [0m] Reached target Multi-User System.
[[0;32m  OK  [0m] Reached target Graphical Interface.
         Starting Update UTMP about System Runlevel Changes...
         Starting Apply the settings specified in cloud-config...
[[0;32m  OK  [0m] Started Update UTMP about System Runlevel Changes.
[    8.690153] cloud-init[1301]: Generating locales (this might take a while)...
[    9.277472] cloud-init[1301]:   en_US.UTF-8... done
[    9.288602] cloud-init[1301]: Generation complete.
[    9.463878] cloud-init[1301]: Cloud-init v. 19.2-36-g059d049c-0ubuntu1~16.04.1 running 'modules:config' at Wed, 09 Oct 2019 10:19:08 +0000. Up 8.60 seconds.
[[0;32m  OK  [0m] Started Apply the settings specified in cloud-config.
         Starting Execute cloud user/final scripts...
ci-info: no authorized ssh keys fingerprints found for user ubuntu.
<14>Oct  9 10:19:09 ec2: 
<14>Oct  9 10:19:09 ec2: #############################################################
<14>Oct  9 10:19:09 ec2: -----BEGIN SSH HOST KEY FINGERPRINTS-----
<14>Oct  9 10:19:09 ec2: 1024 SHA256:E+/nnEGy1wgZpBiGVl1obrlxQe6k1vAB8K8yRjHAq48 root@ubuntu-xenial (DSA)
<14>Oct  9 10:19:09 ec2: 256 SHA256:4fbb4xALEFK9e1pCNKf5RbcnMqbtroAHwDDjSEUYQsw root@ubuntu-xenial (ECDSA)
<14>Oct  9 10:19:09 ec2: 256 SHA256:oS3bXg2cQiLtlPka5Tw+kBj/ZV4sOp3+yJX4ER3vPW4 root@ubuntu-xenial (ED25519)
<14>Oct  9 10:19:09 ec2: 2048 SHA256:VjB6wBcfVqovSbvP6/tXB5Wshk/mEf8ge3RSCiaNf1U root@ubuntu-xenial (RSA)
<14>Oct  9 10:19:09 ec2: -----END SSH HOST KEY FINGERPRINTS-----
<14>Oct  9 10:19:09 ec2: #############################################################
-----BEGIN SSH HOST KEY KEYS-----
ecdsa-sha2-nistp256 AAAAE2VjZHNhLXNoYTItbmlzdHAyNTYAAAAIbmlzdHAyNTYAAABBBOa+edaMlxHoRI6JSwV8foEjqd11YQZ4iyN28Z8OzmwMrxuwpooJtQikMW9ixFsMDESVSm2rggaXPjema9frt7M= root@ubuntu-xenial
ssh-ed25519 AAAAC3NzaC1lZDI1NTE5AAAAICpphbhuA21O1MFvmsLE+/22/uiQWbtxznXX8iYweI1C root@ubuntu-xenial
ssh-rsa AAAAB3NzaC1yc2EAAAADAQABAAABAQCyKTUchEM4NTERk2R0OtqNcllnfD25VAk91rPfxbMyhKEnCF5NUZDQL+76UB1OmUKH6IQuwoD92Cow01CQuHr+vp+0r8eUAVxntec59eGNm0xCaIvE0B+NndUYZz2+D7r+gGe4q1IkGVZ+f7rO9DJoZ4ysl81UZoObNeepMFR1x/GV3yTRSkiiU5GplucFl2R7grtt8RbxqLLYFjv9VrLpAebCNJTiTohNcHgs2cWHBxUgnVwfh/1+dSNwuut/PVf72saVAHmHrWALa5Gtq/PGRPS5nJKGNvsA7yhJt8iJN5qf2GFTfXx553B/vC4JqGIOrJDImKeB9vjX4V6eHhtD root@ubuntu-xenial
-----END SSH HOST KEY KEYS-----
[    9.782923] cloud-init[1342]: Cloud-init v. 19.2-36-g059d049c-0ubuntu1~16.04.1 running 'modules:final' at Wed, 09 Oct 2019 10:19:09 +0000. Up 9.67 seconds.
[    9.784268] cloud-init[1342]: ci-info: no authorized ssh keys fingerprints found for user ubuntu.
[    9.785259] cloud-init[1342]: Cloud-init v. 19.2-36-g059d049c-0ubuntu1~16.04.1 finished at Wed, 09 Oct 2019 10:19:09 +0000. Datasource DataSourceNoCloud [seed=/dev/sdb][dsmode=net].  Up 9.77 seconds
[[0;32m  OK  [0m] Started Execute cloud user/final scripts.
[[0;32m  OK  [0m] Reached target Cloud-init target.

Ubuntu 16.04.6 LTS ubuntu-xenial ttyS0

ubuntu-xenial login: 